app/build/intermediates/manifest_merge_blame_file/debug/processDebugMainManifest/manifest-merger-blame-debug-report.txt
1<?xml version="1.0" encoding="utf-8"?>
2<manifest xmlns:android="http://schemas.android.com/apk/res/android"
3    package="com.jmcomic_next.lyqs"
4    android:versionCode="1"
5    android:versionName="1.0" >
6
7    <uses-sdk
8        android:minSdkVersion="21"
9        android:targetSdkVersion="35" />
10
11    <uses-permission android:name="android.permission.INTERNET" />
11-->src/main/AndroidManifest.xml:4:5-67
11-->src/main/AndroidManifest.xml:4:22-64
12    <uses-permission android:name="android.permission.GET_PACKAGE_SIZE" />
12-->[logger-runtime.aar] AndroidManifest.xml:7:5-75
12-->[logger-runtime.aar] AndroidManifest.xml:7:22-72
13    <uses-permission android:name="android.permission.QUERY_ALL_PACKAGES" />
13-->[logger-runtime.aar] AndroidManifest.xml:8:5-77
13-->[logger-runtime.aar] AndroidManifest.xml:8:22-74
14
15    <queries>
15-->[logger-runtime.aar] AndroidManifest.xml:10:5-12:15
16        <package android:name="io.github.mohammedbaqernull.logger" />
16-->[logger-runtime.aar] AndroidManifest.xml:11:9-70
16-->[logger-runtime.aar] AndroidManifest.xml:11:18-67
17    </queries>
18
19    <permission
19-->[androidx.core:core:1.9.0] AndroidManifest.xml:22:5-24:47
20        android:name="com.jmcomic_next.lyqs.DYNAMIC_RECEIVER_NOT_EXPORTED_PERMISSION"
20-->[androidx.core:core:1.9.0] AndroidManifest.xml:23:9-81
21        android:protectionLevel="signature" />
21-->[androidx.core:core:1.9.0] AndroidManifest.xml:24:9-44
22
23    <uses-permission android:name="com.jmcomic_next.lyqs.DYNAMIC_RECEIVER_NOT_EXPORTED_PERMISSION" />
23-->[androidx.core:core:1.9.0] AndroidManifest.xml:26:5-97
23-->[androidx.core:core:1.9.0] AndroidManifest.xml:26:22-94
24
25    <application
25-->src/main/AndroidManifest.xml:6:5-31:19
26        android:name="com.jmcomic_next.lyqs.MyApplication"
26-->src/main/AndroidManifest.xml:11:9-38
27        android:allowBackup="true"
27-->src/main/AndroidManifest.xml:7:9-35
28        android:appComponentFactory="androidx.core.app.CoreComponentFactory"
28-->[androidx.core:core:1.9.0] AndroidManifest.xml:28:18-86
29        android:debuggable="true"
30        android:extractNativeLibs="true"
31        android:icon="@mipmap/ic_launcher"
31-->src/main/AndroidManifest.xml:8:9-43
32        android:label="@string/app_name"
32-->src/main/AndroidManifest.xml:9:9-41
33        android:theme="@style/Theme.JMComic_Next" >
33-->src/main/AndroidManifest.xml:10:9-50
34
35        <!-- 启动页：补全完整包名，你的SplashActivity在activity子包下！ -->
36        <activity
36-->src/main/AndroidManifest.xml:14:9-21:20
37            android:name="com.jmcomic_next.lyqs.activity.SplashActivity"
37-->src/main/AndroidManifest.xml:15:13-52
38            android:exported="true" >
38-->src/main/AndroidManifest.xml:16:13-36
39            <intent-filter>
39-->src/main/AndroidManifest.xml:17:13-20:29
40                <action android:name="android.intent.action.MAIN" />
40-->src/main/AndroidManifest.xml:18:17-69
40-->src/main/AndroidManifest.xml:18:25-66
41
42                <category android:name="android.intent.category.LAUNCHER" />
42-->src/main/AndroidManifest.xml:19:17-77
42-->src/main/AndroidManifest.xml:19:27-74
43            </intent-filter>
44        </activity>
45
46        <!-- 首页：MainActivity设为exported="true"（安卓12+强制），子Activity补全包名 -->
47        <activity
47-->src/main/AndroidManifest.xml:24:9-26:39
48            android:name="com.jmcomic_next.lyqs.MainActivity"
48-->src/main/AndroidManifest.xml:25:13-41
49            android:exported="true" />
49-->src/main/AndroidManifest.xml:26:13-36
50        <activity
50-->src/main/AndroidManifest.xml:28:9-30:40
51            android:name="com.jmcomic_next.lyqs.activity.DetailActivity"
51-->src/main/AndroidManifest.xml:29:13-52
52            android:exported="false" />
52-->src/main/AndroidManifest.xml:30:13-37
53
54        <provider
54-->[logger-runtime.aar] AndroidManifest.xml:15:9-18:39
55            android:name="io.github.mohammedbaqernull.logger.logwire.LogWireInitializer"
55-->[logger-runtime.aar] AndroidManifest.xml:16:13-89
56            android:authorities="com.jmcomic_next.lyqs.logwire.initializer"
56-->[logger-runtime.aar] AndroidManifest.xml:17:13-71
57            android:exported="true" />
57-->[logger-runtime.aar] AndroidManifest.xml:18:13-36
58        <provider
58-->[androidx.emoji2:emoji2:1.2.0] AndroidManifest.xml:24:9-32:20
59            android:name="androidx.startup.InitializationProvider"
59-->[androidx.emoji2:emoji2:1.2.0] AndroidManifest.xml:25:13-67
60            android:authorities="com.jmcomic_next.lyqs.androidx-startup"
60-->[androidx.emoji2:emoji2:1.2.0] AndroidManifest.xml:26:13-68
61            android:exported="false" >
61-->[androidx.emoji2:emoji2:1.2.0] AndroidManifest.xml:27:13-37
62            <meta-data
62-->[androidx.emoji2:emoji2:1.2.0] AndroidManifest.xml:29:13-31:52
63                android:name="androidx.emoji2.text.EmojiCompatInitializer"
63-->[androidx.emoji2:emoji2:1.2.0] AndroidManifest.xml:30:17-75
64                android:value="androidx.startup" />
64-->[androidx.emoji2:emoji2:1.2.0] AndroidManifest.xml:31:17-49
65            <meta-data
65-->[androidx.lifecycle:lifecycle-process:2.6.1] AndroidManifest.xml:29:13-31:52
66                android:name="androidx.lifecycle.ProcessLifecycleInitializer"
66-->[androidx.lifecycle:lifecycle-process:2.6.1] AndroidManifest.xml:30:17-78
67                android:value="androidx.startup" />
67-->[androidx.lifecycle:lifecycle-process:2.6.1] AndroidManifest.xml:31:17-49
68            <meta-data
68-->[androidx.profileinstaller:profileinstaller:1.3.0] AndroidManifest.xml:29:13-31:52
69                android:name="androidx.profileinstaller.ProfileInstallerInitializer"
69-->[androidx.profileinstaller:profileinstaller:1.3.0] AndroidManifest.xml:30:17-85
70                android:value="androidx.startup" />
70-->[androidx.profileinstaller:profileinstaller:1.3.0] AndroidManifest.xml:31:17-49
71        </provider>
72
73        <receiver
73-->[androidx.profileinstaller:profileinstaller:1.3.0] AndroidManifest.xml:34:9-52:20
74            android:name="androidx.profileinstaller.ProfileInstallReceiver"
74-->[androidx.profileinstaller:profileinstaller:1.3.0] AndroidManifest.xml:35:13-76
75            android:directBootAware="false"
75-->[androidx.profileinstaller:profileinstaller:1.3.0] AndroidManifest.xml:36:13-44
76            android:enabled="true"
76-->[androidx.profileinstaller:profileinstaller:1.3.0] AndroidManifest.xml:37:13-35
77            android:exported="true"
77-->[androidx.profileinstaller:profileinstaller:1.3.0] AndroidManifest.xml:38:13-36
78            android:permission="android.permission.DUMP" >
78-->[androidx.profileinstaller:profileinstaller:1.3.0] AndroidManifest.xml:39:13-57
79            <intent-filter>
79-->[androidx.profileinstaller:profileinstaller:1.3.0] AndroidManifest.xml:40:13-42:29
80                <action android:name="androidx.profileinstaller.action.INSTALL_PROFILE" />
80-->[androidx.profileinstaller:profileinstaller:1.3.0] AndroidManifest.xml:41:17-91
80-->[androidx.profileinstaller:profileinstaller:1.3.0] AndroidManifest.xml:41:25-88
81            </intent-filter>
82            <intent-filter>
82-->[androidx.profileinstaller:profileinstaller:1.3.0] AndroidManifest.xml:43:13-45:29
83                <action android:name="androidx.profileinstaller.action.SKIP_FILE" />
83-->[androidx.profileinstaller:profileinstaller:1.3.0] AndroidManifest.xml:44:17-85
83-->[androidx.profileinstaller:profileinstaller:1.3.0] AndroidManifest.xml:44:25-82
84            </intent-filter>
85            <intent-filter>
85-->[androidx.profileinstaller:profileinstaller:1.3.0] AndroidManifest.xml:46:13-48:29
86                <action android:name="androidx.profileinstaller.action.SAVE_PROFILE" />
86-->[androidx.profileinstaller:profileinstaller:1.3.0] AndroidManifest.xml:47:17-88
86-->[androidx.profileinstaller:profileinstaller:1.3.0] AndroidManifest.xml:47:25-85
87            </intent-filter>
88            <intent-filter>
88-->[androidx.profileinstaller:profileinstaller:1.3.0] AndroidManifest.xml:49:13-51:29
89                <action android:name="androidx.profileinstaller.action.BENCHMARK_OPERATION" />
89-->[androidx.profileinstaller:profileinstaller:1.3.0] AndroidManifest.xml:50:17-95
89-->[androidx.profileinstaller:profileinstaller:1.3.0] AndroidManifest.xml:50:25-92
90            </intent-filter>
91        </receiver>
92    </application>
93
94</manifest>